<?xml version="1.0" encoding="UTF-8"?>
<testsuites name="comments" time="12.836" tests="3" failures="0" errors="0">
   <testsuite name="comments" tests="3" failures="0" errors="0" time="12.836" skipped="0" timestamp="12-02-2024T17:34:20" hostname="ASUS - LAPTOP-86QR281O" id="Test Suites/comments/comments">
      <properties>
         <property name="deviceName" value=""/>
         <property name="devicePlatform" value=""/>
         <property name="logFolder" value="C:\\Users\\ASUS\\Documents\\Bismillah BFLP IT\\BOOTCAMP IT\\Katalon\\API\\Bootcamp QA - API\\katalonAPI\\Reports\\20240212_173415\\comments\\comments\\20240212_173415"/>
         <property name="logFiles" value="C:\\Users\\ASUS\\Documents\\Bismillah BFLP IT\\BOOTCAMP IT\\Katalon\\API\\Bootcamp QA - API\\katalonAPI\\Reports\\20240212_173415\\comments\\comments\\20240212_173415\\execution0.log"/>
         <property name="attachments" value=""/>
         <property name="hostName" value="ASUS - LAPTOP-86QR281O"/>
         <property name="hostAddress" value="172.16.213.211"/>
         <property name="os" value="Windows 11 64bit"/>
         <property name="katalonVersion" value="9.3.0.212"/>
      </properties>
      <testcase name="Test Cases/comments/DEL ID 9" time="6.561" classname="Test Cases/comments/DEL ID 9" status="PASSED">
         <system-out><![CDATA[12-02-2024T17:34:21 - [TEST_CASE][PASSED] - Test Cases/comments/DEL ID 9: Test Cases/comments/DEL ID 9

12-02-2024T17:34:21 - [TEST_STEP][PASSED] - sendRequestAndVerify(findTestObject("comments/DEL ID 9")): Send request and verify the response successfully

12-02-2024T17:34:25 - [MESSAGE][INFO] - HAR: C:\Users\ASUS\Documents\Bismillah BFLP IT\BOOTCAMP IT\Katalon\API\Bootcamp QA - API\katalonAPI\Reports\20240212_173415\comments\comments\20240212_173415\requests\main\0.har

12-02-2024T17:34:25 - [TEST_CASE][PASSED] - Start Test Case : Verification: Verification accomplished successfully

12-02-2024T17:34:25 - [TEST_STEP][PASSED] - request = getInstance().getCurrentRequest(): null

12-02-2024T17:34:25 - [TEST_STEP][PASSED] - response = getInstance().getCurrentResponse(): null

12-02-2024T17:34:25 - [MESSAGE][PASSED] - Verify response successfully

12-02-2024T17:34:25 - [MESSAGE][PASSED] - All validation steps have been passed

12-02-2024T17:34:25 - [MESSAGE][PASSED] - Send request and verify the response successfully

12-02-2024T17:34:27 - [TEST_STEP][PASSED] - Video: Video recording for test case 'Test Cases/comments/DEL ID 9' .

12-02-2024T17:34:27 - [MESSAGE][INFO] - Video recording for test case 'Test Cases/comments/DEL ID 9' .]]></system-out>
         <system-err><![CDATA[]]></system-err>
      </testcase>
      <testcase name="Test Cases/comments/GET ID 2" time="2.659" classname="Test Cases/comments/GET ID 2" status="PASSED">
         <system-out><![CDATA[12-02-2024T17:34:27 - [TEST_CASE][PASSED] - Test Cases/comments/GET ID 2: Test Cases/comments/GET ID 2

12-02-2024T17:34:27 - [TEST_STEP][PASSED] - response = sendRequestAndVerify(findTestObject("comments/GET ID 2")): Send request and verify the response successfully

12-02-2024T17:34:28 - [MESSAGE][INFO] - HAR: C:\Users\ASUS\Documents\Bismillah BFLP IT\BOOTCAMP IT\Katalon\API\Bootcamp QA - API\katalonAPI\Reports\20240212_173415\comments\comments\20240212_173415\requests\main\1.har

12-02-2024T17:34:28 - [TEST_CASE][PASSED] - Start Test Case : Verification: Verification accomplished successfully

12-02-2024T17:34:28 - [TEST_STEP][PASSED] - request = getInstance().getCurrentRequest(): null

12-02-2024T17:34:28 - [TEST_STEP][PASSED] - response = getInstance().getCurrentResponse(): null

12-02-2024T17:34:28 - [MESSAGE][PASSED] - Verify response successfully

12-02-2024T17:34:28 - [MESSAGE][PASSED] - All validation steps have been passed

12-02-2024T17:34:28 - [MESSAGE][PASSED] - Send request and verify the response successfully

12-02-2024T17:34:28 - [TEST_STEP][PASSED] - verifyElementPropertyValue(response, "name", "quo vero reiciendis velit similique earum"): Verify element property value successfully

12-02-2024T17:34:28 - [MESSAGE][PASSED] - Verify element property value successfully

12-02-2024T17:34:30 - [TEST_STEP][PASSED] - Video: Video recording for test case 'Test Cases/comments/GET ID 2' .

12-02-2024T17:34:30 - [MESSAGE][INFO] - Video recording for test case 'Test Cases/comments/GET ID 2' .]]></system-out>
         <system-err><![CDATA[]]></system-err>
      </testcase>
      <testcase name="Test Cases/comments/POST ID 2" time="3.31" classname="Test Cases/comments/POST ID 2" status="PASSED">
         <system-out><![CDATA[12-02-2024T17:34:30 - [TEST_CASE][PASSED] - Test Cases/comments/POST ID 2: Test Cases/comments/POST ID 2

12-02-2024T17:34:30 - [TEST_STEP][PASSED] - sendRequestAndVerify(findTestObject("comments/POST ID 2", ["name":"clae
", "email":"clae@gmail.com", "body":"ini body"])): Send request and verify the response successfully

12-02-2024T17:34:31 - [MESSAGE][INFO] - HAR: C:\Users\ASUS\Documents\Bismillah BFLP IT\BOOTCAMP IT\Katalon\API\Bootcamp QA - API\katalonAPI\Reports\20240212_173415\comments\comments\20240212_173415\requests\main\2.har

12-02-2024T17:34:31 - [TEST_CASE][PASSED] - Start Test Case : Verification: Verification accomplished successfully

12-02-2024T17:34:31 - [TEST_STEP][PASSED] - request = getInstance().getCurrentRequest(): null

12-02-2024T17:34:31 - [TEST_STEP][PASSED] - response = getInstance().getCurrentResponse(): null

12-02-2024T17:34:31 - [MESSAGE][PASSED] - Verify response successfully

12-02-2024T17:34:31 - [MESSAGE][PASSED] - All validation steps have been passed

12-02-2024T17:34:31 - [MESSAGE][PASSED] - Send request and verify the response successfully

12-02-2024T17:34:33 - [TEST_STEP][PASSED] - Video: Video recording for test case 'Test Cases/comments/POST ID 2' .

12-02-2024T17:34:33 - [MESSAGE][INFO] - Video recording for test case 'Test Cases/comments/POST ID 2' .]]></system-out>
         <system-err><![CDATA[]]></system-err>
      </testcase>
      <system-out><![CDATA[12-02-2024T17:34:20 - [TEST_SUITE][PASSED] - comments: Test Cases/comments/POST ID 2]]></system-out>
      <system-err><![CDATA[]]></system-err>
   </testsuite>
</testsuites>
